  main.cpp
C:\Users\fiery\source\repos\SFML_GAME\SFML_GAME\main.cpp(158,21): warning C4244: 'initializing': conversion from 'int' to 'float', possible loss of data
C:\Users\fiery\source\repos\SFML_GAME\SFML_GAME\main.cpp(159,21): warning C4244: 'initializing': conversion from 'int' to 'float', possible loss of data
C:\Users\fiery\source\repos\SFML_GAME\SFML_GAME\main.cpp(163,48): warning C4244: '=': conversion from 'int' to 'float', possible loss of data
C:\Users\fiery\source\repos\SFML_GAME\SFML_GAME\main.cpp(164,49): warning C4244: '=': conversion from 'int' to 'float', possible loss of data
C:\Users\fiery\source\repos\SFML_GAME\SFML_GAME\main.cpp(199,21): warning C4244: 'initializing': conversion from 'int' to 'float', possible loss of data
C:\Users\fiery\source\repos\SFML_GAME\SFML_GAME\main.cpp(200,21): warning C4244: 'initializing': conversion from 'int' to 'float', possible loss of data
C:\Users\fiery\source\repos\SFML_GAME\SFML_GAME\main.cpp(204,50): warning C4244: '=': conversion from 'int' to 'float', possible loss of data
C:\Users\fiery\source\repos\SFML_GAME\SFML_GAME\main.cpp(205,50): warning C4244: '=': conversion from 'int' to 'float', possible loss of data
C:\Users\fiery\source\repos\SFML_GAME\SFML_GAME\main.cpp(210,58): warning C4305: 'argument': truncation from 'double' to 'T'
C:\Users\fiery\source\repos\SFML_GAME\SFML_GAME\main.cpp(210,58): warning C4305:         with
C:\Users\fiery\source\repos\SFML_GAME\SFML_GAME\main.cpp(210,58): warning C4305:         [
C:\Users\fiery\source\repos\SFML_GAME\SFML_GAME\main.cpp(210,58): warning C4305:             T=float
C:\Users\fiery\source\repos\SFML_GAME\SFML_GAME\main.cpp(210,58): warning C4305:         ]
C:\Users\fiery\source\repos\SFML_GAME\SFML_GAME\main.cpp(210,53): warning C4305: 'argument': truncation from 'double' to 'T'
C:\Users\fiery\source\repos\SFML_GAME\SFML_GAME\main.cpp(210,53): warning C4305:         with
C:\Users\fiery\source\repos\SFML_GAME\SFML_GAME\main.cpp(210,53): warning C4305:         [
C:\Users\fiery\source\repos\SFML_GAME\SFML_GAME\main.cpp(210,53): warning C4305:             T=float
C:\Users\fiery\source\repos\SFML_GAME\SFML_GAME\main.cpp(210,53): warning C4305:         ]
C:\Users\fiery\source\repos\SFML_GAME\SFML_GAME\main.cpp(213,137): warning C4244: 'argument': conversion from 'T' to 'T', possible loss of data
C:\Users\fiery\source\repos\SFML_GAME\SFML_GAME\main.cpp(213,137): warning C4244:         with
C:\Users\fiery\source\repos\SFML_GAME\SFML_GAME\main.cpp(213,137): warning C4244:         [
C:\Users\fiery\source\repos\SFML_GAME\SFML_GAME\main.cpp(213,137): warning C4244:             T=unsigned int
C:\Users\fiery\source\repos\SFML_GAME\SFML_GAME\main.cpp(213,137): warning C4244:         ]
C:\Users\fiery\source\repos\SFML_GAME\SFML_GAME\main.cpp(213,137): warning C4244:         and
C:\Users\fiery\source\repos\SFML_GAME\SFML_GAME\main.cpp(213,137): warning C4244:         [
C:\Users\fiery\source\repos\SFML_GAME\SFML_GAME\main.cpp(213,137): warning C4244:             T=float
C:\Users\fiery\source\repos\SFML_GAME\SFML_GAME\main.cpp(213,137): warning C4244:         ]
C:\Users\fiery\source\repos\SFML_GAME\SFML_GAME\main.cpp(213,93): warning C4244: 'argument': conversion from 'T' to 'T', possible loss of data
C:\Users\fiery\source\repos\SFML_GAME\SFML_GAME\main.cpp(213,93): warning C4244:         with
C:\Users\fiery\source\repos\SFML_GAME\SFML_GAME\main.cpp(213,93): warning C4244:         [
C:\Users\fiery\source\repos\SFML_GAME\SFML_GAME\main.cpp(213,93): warning C4244:             T=unsigned int
C:\Users\fiery\source\repos\SFML_GAME\SFML_GAME\main.cpp(213,93): warning C4244:         ]
C:\Users\fiery\source\repos\SFML_GAME\SFML_GAME\main.cpp(213,93): warning C4244:         and
C:\Users\fiery\source\repos\SFML_GAME\SFML_GAME\main.cpp(213,93): warning C4244:         [
C:\Users\fiery\source\repos\SFML_GAME\SFML_GAME\main.cpp(213,93): warning C4244:             T=float
C:\Users\fiery\source\repos\SFML_GAME\SFML_GAME\main.cpp(213,93): warning C4244:         ]
C:\Users\fiery\source\repos\SFML_GAME\SFML_GAME\main.cpp(225,17): warning C4244: 'initializing': conversion from 'int' to 'float', possible loss of data
C:\Users\fiery\source\repos\SFML_GAME\SFML_GAME\main.cpp(226,17): warning C4244: 'initializing': conversion from 'int' to 'float', possible loss of data
C:\Users\fiery\source\repos\SFML_GAME\SFML_GAME\main.cpp(235,134): warning C4244: 'argument': conversion from 'T' to 'T', possible loss of data
C:\Users\fiery\source\repos\SFML_GAME\SFML_GAME\main.cpp(235,134): warning C4244:         with
C:\Users\fiery\source\repos\SFML_GAME\SFML_GAME\main.cpp(235,134): warning C4244:         [
C:\Users\fiery\source\repos\SFML_GAME\SFML_GAME\main.cpp(235,134): warning C4244:             T=unsigned int
C:\Users\fiery\source\repos\SFML_GAME\SFML_GAME\main.cpp(235,134): warning C4244:         ]
C:\Users\fiery\source\repos\SFML_GAME\SFML_GAME\main.cpp(235,134): warning C4244:         and
C:\Users\fiery\source\repos\SFML_GAME\SFML_GAME\main.cpp(235,134): warning C4244:         [
C:\Users\fiery\source\repos\SFML_GAME\SFML_GAME\main.cpp(235,134): warning C4244:             T=float
C:\Users\fiery\source\repos\SFML_GAME\SFML_GAME\main.cpp(235,134): warning C4244:         ]
C:\Users\fiery\source\repos\SFML_GAME\SFML_GAME\main.cpp(235,91): warning C4244: 'argument': conversion from 'T' to 'T', possible loss of data
C:\Users\fiery\source\repos\SFML_GAME\SFML_GAME\main.cpp(235,91): warning C4244:         with
C:\Users\fiery\source\repos\SFML_GAME\SFML_GAME\main.cpp(235,91): warning C4244:         [
C:\Users\fiery\source\repos\SFML_GAME\SFML_GAME\main.cpp(235,91): warning C4244:             T=unsigned int
C:\Users\fiery\source\repos\SFML_GAME\SFML_GAME\main.cpp(235,91): warning C4244:         ]
C:\Users\fiery\source\repos\SFML_GAME\SFML_GAME\main.cpp(235,91): warning C4244:         and
C:\Users\fiery\source\repos\SFML_GAME\SFML_GAME\main.cpp(235,91): warning C4244:         [
C:\Users\fiery\source\repos\SFML_GAME\SFML_GAME\main.cpp(235,91): warning C4244:             T=float
C:\Users\fiery\source\repos\SFML_GAME\SFML_GAME\main.cpp(235,91): warning C4244:         ]
C:\Users\fiery\source\repos\SFML_GAME\SFML_GAME\main.cpp(237,21): warning C4244: 'initializing': conversion from 'int' to 'float', possible loss of data
C:\Users\fiery\source\repos\SFML_GAME\SFML_GAME\main.cpp(239,21): warning C4244: 'initializing': conversion from 'int' to 'float', possible loss of data
C:\Users\fiery\source\repos\SFML_GAME\SFML_GAME\main.cpp(240,21): warning C4244: 'initializing': conversion from 'int' to 'float', possible loss of data
C:\Users\fiery\source\repos\SFML_GAME\SFML_GAME\main.cpp(244,50): warning C4244: '=': conversion from 'int' to 'float', possible loss of data
C:\Users\fiery\source\repos\SFML_GAME\SFML_GAME\main.cpp(245,50): warning C4244: '=': conversion from 'int' to 'float', possible loss of data
C:\Users\fiery\source\repos\SFML_GAME\SFML_GAME\main.cpp(335,21): warning C4244: 'initializing': conversion from 'int' to 'float', possible loss of data
C:\Users\fiery\source\repos\SFML_GAME\SFML_GAME\main.cpp(336,21): warning C4244: 'initializing': conversion from 'int' to 'float', possible loss of data
C:\Users\fiery\source\repos\SFML_GAME\SFML_GAME\main.cpp(371,29): warning C4244: 'initializing': conversion from 'int' to 'float', possible loss of data
C:\Users\fiery\source\repos\SFML_GAME\SFML_GAME\main.cpp(372,29): warning C4244: 'initializing': conversion from 'int' to 'float', possible loss of data
C:\Users\fiery\source\repos\SFML_GAME\SFML_GAME\main.cpp(376,58): warning C4244: '=': conversion from 'int' to 'float', possible loss of data
C:\Users\fiery\source\repos\SFML_GAME\SFML_GAME\main.cpp(377,58): warning C4244: '=': conversion from 'int' to 'float', possible loss of data
C:\Users\fiery\source\repos\SFML_GAME\SFML_GAME\main.cpp(456,29): warning C4244: 'initializing': conversion from 'int' to 'float', possible loss of data
C:\Users\fiery\source\repos\SFML_GAME\SFML_GAME\main.cpp(457,29): warning C4244: 'initializing': conversion from 'int' to 'float', possible loss of data
C:\Users\fiery\source\repos\SFML_GAME\SFML_GAME\main.cpp(461,56): warning C4244: '=': conversion from 'int' to 'float', possible loss of data
C:\Users\fiery\source\repos\SFML_GAME\SFML_GAME\main.cpp(462,57): warning C4244: '=': conversion from 'int' to 'float', possible loss of data
C:\Users\fiery\source\repos\SFML_GAME\SFML_GAME\main.cpp(574,29): warning C4244: 'initializing': conversion from 'int' to 'float', possible loss of data
C:\Users\fiery\source\repos\SFML_GAME\SFML_GAME\main.cpp(575,29): warning C4244: 'initializing': conversion from 'int' to 'float', possible loss of data
C:\Users\fiery\source\repos\SFML_GAME\SFML_GAME\main.cpp(579,58): warning C4244: '=': conversion from 'int' to 'float', possible loss of data
C:\Users\fiery\source\repos\SFML_GAME\SFML_GAME\main.cpp(580,58): warning C4244: '=': conversion from 'int' to 'float', possible loss of data
C:\Users\fiery\source\repos\SFML_GAME\SFML_GAME\main.cpp(1088,15): warning C4244: 'argument': conversion from 'time_t' to 'unsigned int', possible loss of data
C:\Users\fiery\source\repos\SFML_GAME\SFML_GAME\main.cpp(1098,31): warning C4834: discarding return value of function with [[nodiscard]] attribute
C:\Users\fiery\source\repos\SFML_GAME\SFML_GAME\main.cpp(1100,35): warning C4305: 'argument': truncation from 'double' to 'T'
C:\Users\fiery\source\repos\SFML_GAME\SFML_GAME\main.cpp(1100,35): warning C4305:         with
C:\Users\fiery\source\repos\SFML_GAME\SFML_GAME\main.cpp(1100,35): warning C4305:         [
C:\Users\fiery\source\repos\SFML_GAME\SFML_GAME\main.cpp(1100,35): warning C4305:             T=float
C:\Users\fiery\source\repos\SFML_GAME\SFML_GAME\main.cpp(1100,35): warning C4305:         ]
C:\Users\fiery\source\repos\SFML_GAME\SFML_GAME\main.cpp(1100,31): warning C4305: 'argument': truncation from 'double' to 'T'
C:\Users\fiery\source\repos\SFML_GAME\SFML_GAME\main.cpp(1100,31): warning C4305:         with
C:\Users\fiery\source\repos\SFML_GAME\SFML_GAME\main.cpp(1100,31): warning C4305:         [
C:\Users\fiery\source\repos\SFML_GAME\SFML_GAME\main.cpp(1100,31): warning C4305:             T=float
C:\Users\fiery\source\repos\SFML_GAME\SFML_GAME\main.cpp(1100,31): warning C4305:         ]
C:\Users\fiery\source\repos\SFML_GAME\SFML_GAME\main.cpp(1103,27): warning C4834: discarding return value of function with [[nodiscard]] attribute
C:\Users\fiery\source\repos\SFML_GAME\SFML_GAME\main.cpp(1107,31): warning C4834: discarding return value of function with [[nodiscard]] attribute
C:\Users\fiery\source\repos\SFML_GAME\SFML_GAME\main.cpp(1111,32): warning C4834: discarding return value of function with [[nodiscard]] attribute
C:\Users\fiery\source\repos\SFML_GAME\SFML_GAME\main.cpp(1120,101): warning C4244: 'argument': conversion from 'T' to 'T', possible loss of data
C:\Users\fiery\source\repos\SFML_GAME\SFML_GAME\main.cpp(1120,101): warning C4244:         with
C:\Users\fiery\source\repos\SFML_GAME\SFML_GAME\main.cpp(1120,101): warning C4244:         [
C:\Users\fiery\source\repos\SFML_GAME\SFML_GAME\main.cpp(1120,101): warning C4244:             T=unsigned int
C:\Users\fiery\source\repos\SFML_GAME\SFML_GAME\main.cpp(1120,101): warning C4244:         ]
C:\Users\fiery\source\repos\SFML_GAME\SFML_GAME\main.cpp(1120,101): warning C4244:         and
C:\Users\fiery\source\repos\SFML_GAME\SFML_GAME\main.cpp(1120,101): warning C4244:         [
C:\Users\fiery\source\repos\SFML_GAME\SFML_GAME\main.cpp(1120,101): warning C4244:             T=float
C:\Users\fiery\source\repos\SFML_GAME\SFML_GAME\main.cpp(1120,101): warning C4244:         ]
C:\Users\fiery\source\repos\SFML_GAME\SFML_GAME\main.cpp(1120,69): warning C4244: 'argument': conversion from 'T' to 'T', possible loss of data
C:\Users\fiery\source\repos\SFML_GAME\SFML_GAME\main.cpp(1120,69): warning C4244:         with
C:\Users\fiery\source\repos\SFML_GAME\SFML_GAME\main.cpp(1120,69): warning C4244:         [
C:\Users\fiery\source\repos\SFML_GAME\SFML_GAME\main.cpp(1120,69): warning C4244:             T=unsigned int
C:\Users\fiery\source\repos\SFML_GAME\SFML_GAME\main.cpp(1120,69): warning C4244:         ]
C:\Users\fiery\source\repos\SFML_GAME\SFML_GAME\main.cpp(1120,69): warning C4244:         and
C:\Users\fiery\source\repos\SFML_GAME\SFML_GAME\main.cpp(1120,69): warning C4244:         [
C:\Users\fiery\source\repos\SFML_GAME\SFML_GAME\main.cpp(1120,69): warning C4244:             T=float
C:\Users\fiery\source\repos\SFML_GAME\SFML_GAME\main.cpp(1120,69): warning C4244:         ]
C:\Users\fiery\source\repos\SFML_GAME\SFML_GAME\main.cpp(1126,44): warning C4305: 'argument': truncation from 'double' to 'T'
C:\Users\fiery\source\repos\SFML_GAME\SFML_GAME\main.cpp(1126,44): warning C4305:         with
C:\Users\fiery\source\repos\SFML_GAME\SFML_GAME\main.cpp(1126,44): warning C4305:         [
C:\Users\fiery\source\repos\SFML_GAME\SFML_GAME\main.cpp(1126,44): warning C4305:             T=float
C:\Users\fiery\source\repos\SFML_GAME\SFML_GAME\main.cpp(1126,44): warning C4305:         ]
C:\Users\fiery\source\repos\SFML_GAME\SFML_GAME\main.cpp(1126,39): warning C4305: 'argument': truncation from 'double' to 'T'
C:\Users\fiery\source\repos\SFML_GAME\SFML_GAME\main.cpp(1126,39): warning C4305:         with
C:\Users\fiery\source\repos\SFML_GAME\SFML_GAME\main.cpp(1126,39): warning C4305:         [
C:\Users\fiery\source\repos\SFML_GAME\SFML_GAME\main.cpp(1126,39): warning C4305:             T=float
C:\Users\fiery\source\repos\SFML_GAME\SFML_GAME\main.cpp(1126,39): warning C4305:         ]
C:\Users\fiery\source\repos\SFML_GAME\SFML_GAME\main.cpp(1165,92): warning C4244: 'argument': conversion from 'T' to 'T', possible loss of data
C:\Users\fiery\source\repos\SFML_GAME\SFML_GAME\main.cpp(1165,92): warning C4244:         with
C:\Users\fiery\source\repos\SFML_GAME\SFML_GAME\main.cpp(1165,92): warning C4244:         [
C:\Users\fiery\source\repos\SFML_GAME\SFML_GAME\main.cpp(1165,92): warning C4244:             T=unsigned int
C:\Users\fiery\source\repos\SFML_GAME\SFML_GAME\main.cpp(1165,92): warning C4244:         ]
C:\Users\fiery\source\repos\SFML_GAME\SFML_GAME\main.cpp(1165,92): warning C4244:         and
C:\Users\fiery\source\repos\SFML_GAME\SFML_GAME\main.cpp(1165,92): warning C4244:         [
C:\Users\fiery\source\repos\SFML_GAME\SFML_GAME\main.cpp(1165,92): warning C4244:             T=float
C:\Users\fiery\source\repos\SFML_GAME\SFML_GAME\main.cpp(1165,92): warning C4244:         ]
C:\Users\fiery\source\repos\SFML_GAME\SFML_GAME\main.cpp(1165,61): warning C4244: 'argument': conversion from 'T' to 'T', possible loss of data
C:\Users\fiery\source\repos\SFML_GAME\SFML_GAME\main.cpp(1165,61): warning C4244:         with
C:\Users\fiery\source\repos\SFML_GAME\SFML_GAME\main.cpp(1165,61): warning C4244:         [
C:\Users\fiery\source\repos\SFML_GAME\SFML_GAME\main.cpp(1165,61): warning C4244:             T=unsigned int
C:\Users\fiery\source\repos\SFML_GAME\SFML_GAME\main.cpp(1165,61): warning C4244:         ]
C:\Users\fiery\source\repos\SFML_GAME\SFML_GAME\main.cpp(1165,61): warning C4244:         and
C:\Users\fiery\source\repos\SFML_GAME\SFML_GAME\main.cpp(1165,61): warning C4244:         [
C:\Users\fiery\source\repos\SFML_GAME\SFML_GAME\main.cpp(1165,61): warning C4244:             T=float
C:\Users\fiery\source\repos\SFML_GAME\SFML_GAME\main.cpp(1165,61): warning C4244:         ]
  Generating code
  3 of 442 functions ( 0.7%) were compiled, the rest were copied from previous compilation.
    0 functions were new in current compilation
    37 functions had inline decision re-evaluated but remain unchanged
  Finished generating code
  SFML_GAME.vcxproj -> C:\Users\fiery\source\repos\SFML_GAME\x64\Release\SFML_GAME.exe
